<?xml version="1.0" encoding="UTF-8"?>
<testsuite xmlns:xsi="http://www.w3.org/2001/XMLSchema-instance" xsi:noNamespaceSchemaLocation="https://maven.apache.org/surefire/maven-surefire-plugin/xsd/surefire-test-report.xsd" version="3.0.2" name="com.comeon.player.PlayerApplicationTests" time="2.465" tests="1" errors="0" skipped="0" failures="0">
  <properties>
[...]
</properties>
  <testcase name="contextLoads" classname="com.comeon.player.PlayerApplicationTests" time="0.301">
    <system-out><![CDATA[18:22:56.755 [main] INFO org.springframework.test.context.support.AnnotationConfigContextLoaderUtils -- Could not detect default configuration classes for test class [com.comeon.player.PlayerApplicationTests]: PlayerApplicationTests does not declare any static, non-private, non-final, nested classes annotated with @Configuration.
18:22:56.807 [main] INFO org.springframework.boot.test.context.SpringBootTestContextBootstrapper -- Found @SpringBootConfiguration com.comeon.player.PlayerApplication for test class com.comeon.player.PlayerApplicationTests

  .   ____          _            __ _ _
 /\\ / ___'_ __ _ _(_)_ __  __ _ \ \ \ \
( ( )\___ | '_ | '_| | '_ \/ _` | \ \ \ \
 \\/  ___)| |_)| | | | | || (_| |  ) ) ) )
  '  |____| .__|_| |_|_| |_\__, | / / / /
 =========|_|==============|___/=/_/_/_/

 :: Spring Boot ::                (v3.4.4)

2025-04-29T18:22:57.007+02:00  INFO 8132 --- [           main] c.comeon.player.PlayerApplicationTests   : Starting PlayerApplicationTests using Java 17.0.15 with PID 8132 (started by suryaanand in /Users/suryaanand/Documents/comeon/player)
2025-04-29T18:22:57.009+02:00  INFO 8132 --- [           main] c.comeon.player.PlayerApplicationTests   : No active profile set, falling back to 1 default profile: "default"
2025-04-29T18:22:57.330+02:00  INFO 8132 --- [           main] .s.d.r.c.RepositoryConfigurationDelegate : Bootstrapping Spring Data JPA repositories in DEFAULT mode.
2025-04-29T18:22:57.355+02:00  INFO 8132 --- [           main] .s.d.r.c.RepositoryConfigurationDelegate : Finished Spring Data repository scanning in 20 ms. Found 2 JPA repository interfaces.
2025-04-29T18:22:57.580+02:00  INFO 8132 --- [           main] o.hibernate.jpa.internal.util.LogHelper  : HHH000204: Processing PersistenceUnitInfo [name: default]
2025-04-29T18:22:57.608+02:00  INFO 8132 --- [           main] org.hibernate.Version                    : HHH000412: Hibernate ORM core version 6.6.11.Final
2025-04-29T18:22:57.624+02:00  INFO 8132 --- [           main] o.h.c.internal.RegionFactoryInitiator    : HHH000026: Second-level cache disabled
2025-04-29T18:22:57.755+02:00  INFO 8132 --- [           main] o.s.o.j.p.SpringPersistenceUnitInfo      : No LoadTimeWeaver setup: ignoring JPA class transformer
2025-04-29T18:22:57.771+02:00  INFO 8132 --- [           main] com.zaxxer.hikari.HikariDataSource       : HikariPool-1 - Starting...
2025-04-29T18:22:57.876+02:00  INFO 8132 --- [           main] com.zaxxer.hikari.pool.HikariPool        : HikariPool-1 - Added connection conn0: url=jdbc:h2:file:./data/playerdb user=SA
2025-04-29T18:22:57.877+02:00  INFO 8132 --- [           main] com.zaxxer.hikari.HikariDataSource       : HikariPool-1 - Start completed.
2025-04-29T18:22:57.890+02:00  WARN 8132 --- [           main] org.hibernate.orm.deprecation            : HHH90000025: H2Dialect does not need to be specified explicitly using 'hibernate.dialect' (remove the property setting and it will be selected by default)
2025-04-29T18:22:57.899+02:00  INFO 8132 --- [           main] org.hibernate.orm.connections.pooling    : HHH10001005: Database info:
	Database JDBC URL [Connecting through datasource 'HikariDataSource (HikariPool-1)']
	Database driver: undefined/unknown
	Database version: 2.3.232
	Autocommit mode: undefined/unknown
	Isolation level: undefined/unknown
	Minimum pool size: undefined/unknown
	Maximum pool size: undefined/unknown
2025-04-29T18:22:58.277+02:00  INFO 8132 --- [           main] o.h.e.t.j.p.i.JtaPlatformInitiator       : HHH000489: No JTA platform available (set 'hibernate.transaction.jta.platform' to enable JTA platform integration)
2025-04-29T18:22:58.306+02:00  INFO 8132 --- [           main] j.LocalContainerEntityManagerFactoryBean : Initialized JPA EntityManagerFactory for persistence unit 'default'
2025-04-29T18:22:58.508+02:00  WARN 8132 --- [           main] JpaBaseConfiguration$JpaWebConfiguration : spring.jpa.open-in-view is enabled by default. Therefore, database queries may be performed during view rendering. Explicitly configure spring.jpa.open-in-view to disable this warning
2025-04-29T18:22:58.519+02:00  WARN 8132 --- [           main] .s.s.UserDetailsServiceAutoConfiguration : 

Using generated security password: 4ce47883-b285-41d2-a517-d4e5a3004452

This generated password is for development use only. Your security configuration must be updated before running your application in production.

2025-04-29T18:22:58.523+02:00  INFO 8132 --- [           main] r$InitializeUserDetailsManagerConfigurer : Global AuthenticationManager configured with UserDetailsService bean with name inMemoryUserDetailsManager
2025-04-29T18:22:58.838+02:00  INFO 8132 --- [           main] c.comeon.player.PlayerApplicationTests   : Started PlayerApplicationTests in 1.958 seconds (process running for 2.4)
2025-04-29T18:22:58.911+02:00 DEBUG 8132 --- [   scheduling-1] org.hibernate.SQL                        : select ps1_0.id,ps1_0.login_time,ps1_0.logout_time,ps1_0.player_id from player_session ps1_0 where ps1_0.logout_time is null
Hibernate: select ps1_0.id,ps1_0.login_time,ps1_0.logout_time,ps1_0.player_id from player_session ps1_0 where ps1_0.logout_time is null
]]></system-out>
  </testcase>
</testsuite>